mode: set
github.com/CodeLieutenant/utils/bytes.go:18.37,19.9 1 1
github.com/CodeLieutenant/utils/bytes.go:20.16,21.41 1 1
github.com/CodeLieutenant/utils/bytes.go:22.16,23.41 1 1
github.com/CodeLieutenant/utils/bytes.go:24.16,25.41 1 1
github.com/CodeLieutenant/utils/bytes.go:26.16,27.41 1 1
github.com/CodeLieutenant/utils/bytes.go:28.10,29.37 1 1
github.com/CodeLieutenant/utils/bytes.go:35.76,42.2 4 1
github.com/CodeLieutenant/utils/ip.go:27.26,28.19 1 1
github.com/CodeLieutenant/utils/ip.go:28.19,30.17 2 1
github.com/CodeLieutenant/utils/ip.go:30.17,33.4 2 0
github.com/CodeLieutenant/utils/ip.go:35.3,35.33 1 1
github.com/CodeLieutenant/utils/ip.go:35.33,39.61 2 1
github.com/CodeLieutenant/utils/ip.go:39.61,41.10 2 1
github.com/CodeLieutenant/utils/ip.go:46.2,46.11 1 1
github.com/CodeLieutenant/utils/ip.go:50.29,51.20 1 1
github.com/CodeLieutenant/utils/ip.go:51.20,53.17 2 1
github.com/CodeLieutenant/utils/ip.go:53.17,56.4 2 0
github.com/CodeLieutenant/utils/ip.go:58.3,58.33 1 1
github.com/CodeLieutenant/utils/ip.go:58.33,62.61 2 1
github.com/CodeLieutenant/utils/ip.go:62.61,64.5 1 1
github.com/CodeLieutenant/utils/ip.go:68.2,68.12 1 1
github.com/CodeLieutenant/utils/ip.go:73.39,76.24 2 1
github.com/CodeLieutenant/utils/ip.go:76.24,78.3 1 1
github.com/CodeLieutenant/utils/ip.go:80.2,80.24 1 1
github.com/CodeLieutenant/utils/ip.go:80.24,82.3 1 1
github.com/CodeLieutenant/utils/ip.go:84.2,88.22 3 1
github.com/CodeLieutenant/utils/ip.go:88.22,90.3 1 1
github.com/CodeLieutenant/utils/ip.go:92.2,92.11 1 1
github.com/CodeLieutenant/utils/testing.go:10.54,15.58 4 1
github.com/CodeLieutenant/utils/testing.go:15.58,16.33 1 1
github.com/CodeLieutenant/utils/testing.go:16.33,17.32 1 1
github.com/CodeLieutenant/utils/testing.go:17.32,19.5 1 1
github.com/CodeLieutenant/utils/testing.go:22.3,22.25 1 1
github.com/CodeLieutenant/utils/testing.go:22.25,25.4 2 0
github.com/CodeLieutenant/utils/testing.go:27.3,28.17 2 1
github.com/CodeLieutenant/utils/testing.go:28.17,31.4 2 0
github.com/CodeLieutenant/utils/testing.go:33.3,33.40 1 1
github.com/CodeLieutenant/utils/testing.go:36.2,39.11 3 0
github.com/CodeLieutenant/utils/testing.go:49.43,55.60 5 1
github.com/CodeLieutenant/utils/testing.go:55.60,59.3 2 1
github.com/CodeLieutenant/utils/testing.go:60.2,62.58 2 1
github.com/CodeLieutenant/utils/testing.go:62.58,63.33 1 1
github.com/CodeLieutenant/utils/testing.go:63.33,64.29 1 1
github.com/CodeLieutenant/utils/testing.go:64.29,70.5 4 1
github.com/CodeLieutenant/utils/testing.go:73.3,73.24 1 1
github.com/CodeLieutenant/utils/testing.go:73.24,76.4 2 0
github.com/CodeLieutenant/utils/testing.go:78.3,79.17 2 1
github.com/CodeLieutenant/utils/testing.go:79.17,82.4 2 0
github.com/CodeLieutenant/utils/testing.go:84.3,84.40 1 1
github.com/CodeLieutenant/utils/testing.go:87.2,90.11 3 0
github.com/CodeLieutenant/utils/testing.go:93.39,96.16 3 1
github.com/CodeLieutenant/utils/testing.go:96.16,99.3 2 0
github.com/CodeLieutenant/utils/testing.go:101.2,101.11 1 1
github.com/CodeLieutenant/utils/utils.go:15.35,17.2 1 1
github.com/CodeLieutenant/utils/utils.go:21.36,23.2 1 1
github.com/CodeLieutenant/utils/utils.go:26.51,29.27 2 1
github.com/CodeLieutenant/utils/utils.go:29.27,31.17 2 1
github.com/CodeLieutenant/utils/utils.go:31.17,33.4 1 1
github.com/CodeLieutenant/utils/utils.go:35.3,35.19 1 1
github.com/CodeLieutenant/utils/utils.go:38.2,38.18 1 1
github.com/CodeLieutenant/utils/utils.go:43.77,45.16 2 1
github.com/CodeLieutenant/utils/utils.go:45.16,47.3 1 1
github.com/CodeLieutenant/utils/utils.go:49.2,51.52 2 1
github.com/CodeLieutenant/utils/utils.go:51.52,53.3 1 0
github.com/CodeLieutenant/utils/utils.go:55.2,55.15 1 1
github.com/CodeLieutenant/utils/utils.go:60.86,62.16 2 1
github.com/CodeLieutenant/utils/utils.go:62.16,64.3 1 1
github.com/CodeLieutenant/utils/utils.go:66.2,66.40 1 1
github.com/CodeLieutenant/utils/utils.go:66.40,67.26 1 1
github.com/CodeLieutenant/utils/utils.go:67.26,69.4 1 0
github.com/CodeLieutenant/utils/utils.go:71.3,74.17 3 1
github.com/CodeLieutenant/utils/utils.go:74.17,76.4 1 0
github.com/CodeLieutenant/utils/utils.go:78.3,78.41 1 1
github.com/CodeLieutenant/utils/utils.go:78.41,80.4 1 0
github.com/CodeLieutenant/utils/utils.go:82.3,82.37 1 1
github.com/CodeLieutenant/utils/utils.go:82.37,84.4 1 0
github.com/CodeLieutenant/utils/utils.go:88.2,88.39 1 1
github.com/CodeLieutenant/utils/utils.go:92.51,94.2 1 1
github.com/CodeLieutenant/utils/utils.go:97.35,101.2 2 1
github.com/CodeLieutenant/utils/utils.go:105.69,107.16 2 1
github.com/CodeLieutenant/utils/utils.go:107.16,109.3 1 0
github.com/CodeLieutenant/utils/utils.go:111.2,111.44 1 1
github.com/CodeLieutenant/utils/utils.go:111.44,113.3 1 0
github.com/CodeLieutenant/utils/utils.go:115.2,115.15 1 1
github.com/CodeLieutenant/utils/utils.go:130.57,131.16 1 1
github.com/CodeLieutenant/utils/utils.go:131.16,133.3 1 1
github.com/CodeLieutenant/utils/utils.go:135.2,139.35 3 1
github.com/CodeLieutenant/utils/utils.go:139.35,141.17 2 1
github.com/CodeLieutenant/utils/utils.go:141.17,143.4 1 0
github.com/CodeLieutenant/utils/utils.go:144.3,144.55 1 1
github.com/CodeLieutenant/utils/utils.go:148.2,148.30 1 1
github.com/CodeLieutenant/utils/utils.go:148.30,150.17 2 1
github.com/CodeLieutenant/utils/utils.go:150.17,152.4 1 0
github.com/CodeLieutenant/utils/utils.go:153.3,153.56 1 1
github.com/CodeLieutenant/utils/utils.go:156.2,158.46 2 1
github.com/CodeLieutenant/utils/utils.go:158.46,160.17 2 1
github.com/CodeLieutenant/utils/utils.go:160.17,162.4 1 0
github.com/CodeLieutenant/utils/utils.go:163.3,163.90 1 1
github.com/CodeLieutenant/utils/utils.go:166.2,166.41 1 1
